LearnerApp/build/intermediates/manifest_merge_blame_file/debug/manifest-merger-blame-debug-report.txt
1<?xml version="1.0" encoding="utf-8"?>
2<manifest xmlns:android="http://schemas.android.com/apk/res/android"
3    package="com.newlofi.lofi"
4    android:versionCode="1"
5    android:versionName="1.0 admin" >
6
7    <uses-sdk
8        android:minSdkVersion="21"
8-->src\main\AndroidManifest.xml
9        android:targetSdkVersion="29" />
9-->src\main\AndroidManifest.xml
10
11    <uses-permission android:name="android.permission.INTERNET" />
11-->src\main\AndroidManifest.xml:6:5-66
11-->src\main\AndroidManifest.xml:6:22-64
12    <uses-permission android:name="android.permission.ACCESS_NETWORK_STATE" />
12-->src\main\AndroidManifest.xml:7:5-78
12-->src\main\AndroidManifest.xml:7:22-76
13    <uses-permission android:name="android.permission.READ_EXTERNAL_STORAGE" />
13-->src\main\AndroidManifest.xml:8:5-79
13-->src\main\AndroidManifest.xml:8:22-77
14    <uses-permission android:name="android.permission.READ_PHONE_STATE" />
14-->src\main\AndroidManifest.xml:9:5-75
14-->src\main\AndroidManifest.xml:9:22-72
15    <uses-permission android:name="android.permission.WRITE_EXTERNAL_STORAGE" />
15-->src\main\AndroidManifest.xml:10:5-80
15-->src\main\AndroidManifest.xml:10:22-78
16    <uses-permission android:name="android.permission.RECORD_AUDIO" />
16-->src\main\AndroidManifest.xml:12:5-71
16-->src\main\AndroidManifest.xml:12:22-68
17    <uses-permission android:name="android.permission.MODIFY_AUDIO_SETTINGS" />
17-->src\main\AndroidManifest.xml:13:5-79
17-->src\main\AndroidManifest.xml:13:22-77
18    <uses-permission android:name="android.permission.SYSTEM_ALERT_WINDOW" />
18-->src\main\AndroidManifest.xml:15:5-78
18-->src\main\AndroidManifest.xml:15:22-75
19    <uses-permission android:name="android.permission.REQUEST_INSTALL_PACKAGES" />
19-->src\main\AndroidManifest.xml:16:5-82
19-->src\main\AndroidManifest.xml:16:22-80
20    <uses-permission android:name="android.permission.ACCESS_NETWORK_STATE" />
20-->src\main\AndroidManifest.xml:7:5-78
20-->src\main\AndroidManifest.xml:7:22-76
21    <uses-permission android:name="android.permission.FOREGROUND_SERVICE" />
21-->src\main\AndroidManifest.xml:20:5-76
21-->src\main\AndroidManifest.xml:20:22-74
22
23    <!--
24      This permission is optional but recommended so events will
25      contain information about bluetooth state
26    -->
27
28    <uses-permission android:name="android.permission.BLUETOOTH" />
28-->src\main\AndroidManifest.xml:28:5-29:55
28-->src\main\AndroidManifest.xml:29:9-52
29    <uses-permission android:name="android.permission.VIBRATE" />
29-->[:adblockwebview] AndroidManifest.xml:11:5-66
29-->[:adblockwebview] AndroidManifest.xml:11:22-63
30    <uses-permission android:name="android.permission.DOWNLOAD_WITHOUT_NOTIFICATION" />
30-->[:adblockwebview] AndroidManifest.xml:15:5-88
30-->[:adblockwebview] AndroidManifest.xml:15:22-85
31    <uses-permission android:name="com.google.android.providers.gsf.permission.READ_GSERVICES" />
31-->[com.google.firebase:firebase-perf:19.0.10] AndroidManifest.xml:12:5-98
31-->[com.google.firebase:firebase-perf:19.0.10] AndroidManifest.xml:12:22-95
32    <uses-permission android:name="android.permission.WAKE_LOCK" /> <!-- Required by older versions of Google Play services to create IID tokens -->
32-->[com.google.firebase:firebase-iid:21.0.0] AndroidManifest.xml:24:5-68
32-->[com.google.firebase:firebase-iid:21.0.0] AndroidManifest.xml:24:22-65
33    <uses-permission android:name="com.google.android.c2dm.permission.RECEIVE" />
33-->[com.google.firebase:firebase-iid:21.0.0] AndroidManifest.xml:26:5-82
33-->[com.google.firebase:firebase-iid:21.0.0] AndroidManifest.xml:26:22-79
34    <uses-permission android:name="com.google.android.finsky.permission.BIND_GET_INSTALL_REFERRER_SERVICE" /> <!-- Android package visibility setting -->
34-->[com.google.android.gms:play-services-measurement:18.0.0] AndroidManifest.xml:26:5-110
34-->[com.google.android.gms:play-services-measurement:18.0.0] AndroidManifest.xml:26:22-107
35    <queries>
35-->[com.google.android.gms:play-services-ads-lite:19.6.0] AndroidManifest.xml:27:5-38:15
36
37        <!-- For browser content -->
38        <intent>
38-->[com.google.android.gms:play-services-ads-lite:19.6.0] AndroidManifest.xml:30:9-36:18
39            <action android:name="android.intent.action.VIEW" />
39-->[com.firebaseui:firebase-ui-auth:5.1.0] AndroidManifest.xml:93:17-69
39-->[com.firebaseui:firebase-ui-auth:5.1.0] AndroidManifest.xml:93:25-66
40
41            <category android:name="android.intent.category.BROWSABLE" />
41-->[com.firebaseui:firebase-ui-auth:5.1.0] AndroidManifest.xml:96:17-78
41-->[com.firebaseui:firebase-ui-auth:5.1.0] AndroidManifest.xml:96:27-75
42
43            <data android:scheme="https" />
43-->[com.firebaseui:firebase-ui-auth:5.1.0] AndroidManifest.xml:98:17-81
43-->[com.firebaseui:firebase-ui-auth:5.1.0] AndroidManifest.xml:98:23-78
44        </intent>
45        <!-- End of browser content -->
46    </queries>
47
48    <uses-permission android:name="android.permission.RECEIVE_BOOT_COMPLETED" />
48-->[androidx.work:work-runtime:2.1.0] AndroidManifest.xml:27:5-81
48-->[androidx.work:work-runtime:2.1.0] AndroidManifest.xml:27:22-78
49
50    <application
50-->src\main\AndroidManifest.xml:33:5-131:19
51        android:name="com.lamesa.netfilms.App"
51-->src\main\AndroidManifest.xml:34:9-47
52        android:allowBackup="true"
52-->src\main\AndroidManifest.xml:35:9-35
53        android:appComponentFactory="androidx.core.app.CoreComponentFactory"
53-->[androidx.core:core:1.3.0] AndroidManifest.xml:24:18-86
54        android:debuggable="true"
55        android:icon="@mipmap/ic_launcher"
55-->src\main\AndroidManifest.xml:36:9-43
56        android:label="@string/app_name"
56-->src\main\AndroidManifest.xml:37:9-41
57        android:largeHeap="true"
57-->src\main\AndroidManifest.xml:38:9-33
58        android:roundIcon="@mipmap/ic_launcher_round"
58-->src\main\AndroidManifest.xml:40:9-54
59        android:supportsRtl="true"
59-->src\main\AndroidManifest.xml:41:9-35
60        android:testOnly="true"
61        android:usesCleartextTraffic="true" >
61-->src\main\AndroidManifest.xml:39:9-44
62        <meta-data
62-->src\main\AndroidManifest.xml:45:9-93
63            android:name="io.sentry.dsn"
63-->src\main\AndroidManifest.xml:45:20-48
64            android:value="https://key@sentry.io/123" />
64-->src\main\AndroidManifest.xml:45:49-90
65        <meta-data
65-->src\main\AndroidManifest.xml:47:13-49:40
66            android:name="firebase_performance_logcat_enabled"
66-->src\main\AndroidManifest.xml:48:17-67
67            android:value="true" />
67-->src\main\AndroidManifest.xml:49:17-37
68        <meta-data
68-->src\main\AndroidManifest.xml:51:9-53:69
69            android:name="com.google.android.gms.ads.APPLICATION_ID"
69-->src\main\AndroidManifest.xml:52:13-69
70            android:value="ca-app-pub-3040756318290255~8298479348" />
70-->src\main\AndroidManifest.xml:53:13-67
71
72        <provider
73            android:name="androidx.core.content.FileProvider"
73-->src\main\AndroidManifest.xml:56:13-62
74            android:authorities="com.newlofi.lofi.provider"
74-->src\main\AndroidManifest.xml:57:13-60
75            android:exported="false"
75-->src\main\AndroidManifest.xml:58:13-37
76            android:grantUriPermissions="true" >
76-->src\main\AndroidManifest.xml:59:13-47
77            <meta-data
77-->src\main\AndroidManifest.xml:60:13-62:63
78                android:name="android.support.FILE_PROVIDER_PATHS"
78-->src\main\AndroidManifest.xml:61:17-67
79                android:resource="@xml/file_provider_paths" />
79-->src\main\AndroidManifest.xml:62:17-60
80        </provider>
81
82        <activity
82-->src\main\AndroidManifest.xml:66:9-77:20
83            android:name="com.lamesa.netfilms.activity.splash"
83-->src\main\AndroidManifest.xml:67:13-63
84            android:configChanges="orientation|screenSize"
84-->src\main\AndroidManifest.xml:69:13-59
85            android:screenOrientation="portrait"
85-->src\main\AndroidManifest.xml:68:13-49
86            android:theme="@style/LearnerAppTheme"
86-->src\main\AndroidManifest.xml:70:13-51
87            android:windowSoftInputMode="adjustPan|adjustResize" >
87-->src\main\AndroidManifest.xml:71:13-65
88            <intent-filter>
88-->src\main\AndroidManifest.xml:72:13-76:29
89                <action android:name="android.intent.action.MAIN" />
89-->src\main\AndroidManifest.xml:73:17-69
89-->src\main\AndroidManifest.xml:73:25-66
90
91                <category android:name="android.intent.category.LAUNCHER" />
91-->src\main\AndroidManifest.xml:75:17-77
91-->src\main\AndroidManifest.xml:75:27-74
92            </intent-filter>
93        </activity>
94        <activity
94-->src\main\AndroidManifest.xml:81:9-85:77
95            android:name="com.lamesa.netfilms.activity.act_main"
95-->src\main\AndroidManifest.xml:81:19-71
96            android:configChanges="orientation|screenSize"
96-->src\main\AndroidManifest.xml:83:13-59
97            android:screenOrientation="portrait"
97-->src\main\AndroidManifest.xml:82:13-49
98            android:theme="@style/LearnerAppTheme"
98-->src\main\AndroidManifest.xml:84:13-51
99            android:windowSoftInputMode="adjustPan|adjustResize" />
99-->src\main\AndroidManifest.xml:85:13-65
100        <activity
100-->src\main\AndroidManifest.xml:88:9-93:51
101            android:name="com.lamesa.netfilms.video.WindowVideoViewActivity"
101-->src\main\AndroidManifest.xml:89:13-77
102            android:configChanges="keyboardHidden|orientation|screenSize"
102-->src\main\AndroidManifest.xml:90:13-74
103            android:hardwareAccelerated="true"
103-->src\main\AndroidManifest.xml:92:13-47
104            android:screenOrientation="portrait"
104-->src\main\AndroidManifest.xml:93:13-49
105            android:theme="@style/LearnerAppTheme" />
105-->src\main\AndroidManifest.xml:91:13-51
106        <activity
106-->src\main\AndroidManifest.xml:94:9-100:51
107            android:name="com.lamesa.netfilms.video.FloatWindowActivity"
107-->src\main\AndroidManifest.xml:95:13-73
108            android:configChanges="keyboardHidden|orientation|screenSize"
108-->src\main\AndroidManifest.xml:99:13-74
109            android:hardwareAccelerated="true"
109-->src\main\AndroidManifest.xml:97:13-47
110            android:launchMode="singleTask"
110-->src\main\AndroidManifest.xml:96:13-44
111            android:screenOrientation="portrait"
111-->src\main\AndroidManifest.xml:100:13-49
112            android:theme="@style/LearnerAppTheme" />
112-->src\main\AndroidManifest.xml:98:13-51
113
114        <meta-data
114-->src\main\AndroidManifest.xml:102:9-104:57
115            android:name="preloaded_fonts"
115-->src\main\AndroidManifest.xml:103:13-43
116            android:resource="@array/preloaded_fonts" />
116-->src\main\AndroidManifest.xml:104:13-54
117
118        <service
118-->src\main\AndroidManifest.xml:109:9-114:19
119            android:name="com.lamesa.netfilms.service.fcm"
119-->src\main\AndroidManifest.xml:109:18-45
120            android:exported="false" >
120-->src\main\AndroidManifest.xml:110:13-37
121            <intent-filter>
121-->src\main\AndroidManifest.xml:111:13-113:29
122                <action android:name="com.google.firebase.MESSAGING_EVENT" />
122-->src\main\AndroidManifest.xml:112:17-78
122-->src\main\AndroidManifest.xml:112:25-75
123            </intent-filter>
124        </service>
125
126        <!--
127          A receiver that will receive media buttons and send as
128          intents to your MediaBrowserServiceCompat implementation.
129          Required on pre-Lollipop. More information at
130          http://developer.android.com/reference/android/support/v4/media/session/MediaButtonReceiver.html
131        -->
132        <receiver
132-->src\main\AndroidManifest.xml:121:9-125:20
133            android:name="androidx.media.session.MediaButtonReceiver"
133-->src\main\AndroidManifest.xml:121:19-76
134            android:enabled="true" >
134-->src\main\AndroidManifest.xml:121:77-99
135            <intent-filter>
135-->src\main\AndroidManifest.xml:122:13-124:29
136                <action android:name="android.intent.action.MEDIA_BUTTON" />
136-->src\main\AndroidManifest.xml:123:17-77
136-->src\main\AndroidManifest.xml:123:25-74
137            </intent-filter>
138        </receiver>
139        <receiver android:name="com.lamesa.netfilms.receiver.ActionReceiver" />
139-->src\main\AndroidManifest.xml:128:9-61
139-->src\main\AndroidManifest.xml:128:19-58
140
141        <activity
141-->[:adblockwebview] AndroidManifest.xml:21:9-24:72
142            android:name="com.amnix.adblockwebview.ui.AdBlocksWebViewActivity"
142-->[:adblockwebview] AndroidManifest.xml:22:13-79
143            android:configChanges="orientation|screenSize"
143-->[:adblockwebview] AndroidManifest.xml:23:13-59
144            android:theme="@style/Theme.AppCompat.Light.NoActionBar" />
144-->[:adblockwebview] AndroidManifest.xml:24:13-69
145
146        <meta-data
146-->[com.firebaseui:firebase-ui-auth:5.1.0] AndroidManifest.xml:16:9-18:69
147            android:name="com.google.android.gms.version"
147-->[com.firebaseui:firebase-ui-auth:5.1.0] AndroidManifest.xml:17:13-58
148            android:value="@integer/google_play_services_version" />
148-->[com.firebaseui:firebase-ui-auth:5.1.0] AndroidManifest.xml:18:13-66
149        <meta-data
149-->[com.firebaseui:firebase-ui-auth:5.1.0] AndroidManifest.xml:19:9-21:63
150            android:name="com.facebook.sdk.ApplicationId"
150-->[com.firebaseui:firebase-ui-auth:5.1.0] AndroidManifest.xml:20:13-58
151            android:value="@string/facebook_application_id" />
151-->[com.firebaseui:firebase-ui-auth:5.1.0] AndroidManifest.xml:21:13-60
152
153        <activity
153-->[com.firebaseui:firebase-ui-auth:5.1.0] AndroidManifest.xml:23:9-27:61
154            android:name="com.firebase.ui.auth.KickoffActivity"
154-->[com.firebaseui:firebase-ui-auth:5.1.0] AndroidManifest.xml:24:13-64
155            android:exported="false"
155-->[com.firebaseui:firebase-ui-auth:5.1.0] AndroidManifest.xml:25:13-37
156            android:label=""
156-->[com.firebaseui:firebase-ui-auth:5.1.0] AndroidManifest.xml:26:13-29
157            android:theme="@style/FirebaseUI.Transparent" />
157-->[com.firebaseui:firebase-ui-auth:5.1.0] AndroidManifest.xml:27:13-58
158        <activity
158-->[com.firebaseui:firebase-ui-auth:5.1.0] AndroidManifest.xml:28:9-32:61
159            android:name="com.firebase.ui.auth.ui.idp.SingleSignInActivity"
159-->[com.firebaseui:firebase-ui-auth:5.1.0] AndroidManifest.xml:29:13-76
160            android:exported="false"
160-->[com.firebaseui:firebase-ui-auth:5.1.0] AndroidManifest.xml:30:13-37
161            android:label=""
161-->[com.firebaseui:firebase-ui-auth:5.1.0] AndroidManifest.xml:31:13-29
162            android:theme="@style/FirebaseUI.Transparent" />
162-->[com.firebaseui:firebase-ui-auth:5.1.0] AndroidManifest.xml:32:13-58
163        <activity
163-->[com.firebaseui:firebase-ui-auth:5.1.0] AndroidManifest.xml:33:9-37:61
164            android:name="com.firebase.ui.auth.ui.credentials.CredentialSaveActivity"
164-->[com.firebaseui:firebase-ui-auth:5.1.0] AndroidManifest.xml:34:13-86
165            android:exported="false"
165-->[com.firebaseui:firebase-ui-auth:5.1.0] AndroidManifest.xml:35:13-37
166            android:label=""
166-->[com.firebaseui:firebase-ui-auth:5.1.0] AndroidManifest.xml:36:13-29
167            android:theme="@style/FirebaseUI.Transparent" />
167-->[com.firebaseui:firebase-ui-auth:5.1.0] AndroidManifest.xml:37:13-58
168        <activity
168-->[com.firebaseui:firebase-ui-auth:5.1.0] AndroidManifest.xml:38:9-42:58
169            android:name="com.firebase.ui.auth.ui.email.RecoverPasswordActivity"
169-->[com.firebaseui:firebase-ui-auth:5.1.0] AndroidManifest.xml:39:13-81
170            android:exported="false"
170-->[com.firebaseui:firebase-ui-auth:5.1.0] AndroidManifest.xml:40:13-37
171            android:label="@string/fui_title_recover_password_activity"
171-->[com.firebaseui:firebase-ui-auth:5.1.0] AndroidManifest.xml:41:13-72
172            android:windowSoftInputMode="adjustResize" />
172-->[com.firebaseui:firebase-ui-auth:5.1.0] AndroidManifest.xml:42:13-55
173        <activity
173-->[com.firebaseui:firebase-ui-auth:5.1.0] AndroidManifest.xml:43:9-47:58
174            android:name="com.firebase.ui.auth.ui.email.EmailActivity"
174-->[com.firebaseui:firebase-ui-auth:5.1.0] AndroidManifest.xml:44:13-71
175            android:exported="false"
175-->[com.firebaseui:firebase-ui-auth:5.1.0] AndroidManifest.xml:45:13-37
176            android:label="@string/fui_sign_in_default"
176-->[com.firebaseui:firebase-ui-auth:5.1.0] AndroidManifest.xml:46:13-56
177            android:windowSoftInputMode="adjustResize" />
177-->[com.firebaseui:firebase-ui-auth:5.1.0] AndroidManifest.xml:47:13-55
178        <activity
178-->[com.firebaseui:firebase-ui-auth:5.1.0] AndroidManifest.xml:48:9-52:77
179            android:name="com.firebase.ui.auth.ui.phone.PhoneActivity"
179-->[com.firebaseui:firebase-ui-auth:5.1.0] AndroidManifest.xml:49:13-71
180            android:exported="false"
180-->[com.firebaseui:firebase-ui-auth:5.1.0] AndroidManifest.xml:50:13-37
181            android:label="@string/fui_sign_in_with_phone_number"
181-->[com.firebaseui:firebase-ui-auth:5.1.0] AndroidManifest.xml:51:13-66
182            android:windowSoftInputMode="adjustResize|stateAlwaysVisible" />
182-->[com.firebaseui:firebase-ui-auth:5.1.0] AndroidManifest.xml:52:13-74
183        <activity
183-->[com.firebaseui:firebase-ui-auth:5.1.0] AndroidManifest.xml:53:9-57:58
184            android:name="com.firebase.ui.auth.ui.idp.WelcomeBackIdpPrompt"
184-->[com.firebaseui:firebase-ui-auth:5.1.0] AndroidManifest.xml:54:13-76
185            android:exported="false"
185-->[com.firebaseui:firebase-ui-auth:5.1.0] AndroidManifest.xml:55:13-37
186            android:label="@string/fui_title_welcome_back_idp_prompt"
186-->[com.firebaseui:firebase-ui-auth:5.1.0] AndroidManifest.xml:56:13-70
187            android:windowSoftInputMode="adjustResize" />
187-->[com.firebaseui:firebase-ui-auth:5.1.0] AndroidManifest.xml:57:13-55
188        <activity
188-->[com.firebaseui:firebase-ui-auth:5.1.0] AndroidManifest.xml:58:9-62:58
189            android:name="com.firebase.ui.auth.ui.email.WelcomeBackPasswordPrompt"
189-->[com.firebaseui:firebase-ui-auth:5.1.0] AndroidManifest.xml:59:13-83
190            android:exported="false"
190-->[com.firebaseui:firebase-ui-auth:5.1.0] AndroidManifest.xml:60:13-37
191            android:label="@string/fui_title_welcome_back_password_prompt"
191-->[com.firebaseui:firebase-ui-auth:5.1.0] AndroidManifest.xml:61:13-75
192            android:windowSoftInputMode="adjustResize" />
192-->[com.firebaseui:firebase-ui-auth:5.1.0] AndroidManifest.xml:62:13-55
193        <activity
193-->[com.firebaseui:firebase-ui-auth:5.1.0] AndroidManifest.xml:63:9-67:58
194            android:name="com.firebase.ui.auth.ui.email.WelcomeBackEmailLinkPrompt"
194-->[com.firebaseui:firebase-ui-auth:5.1.0] AndroidManifest.xml:64:13-84
195            android:exported="false"
195-->[com.firebaseui:firebase-ui-auth:5.1.0] AndroidManifest.xml:65:13-37
196            android:label="@string/fui_title_welcome_back_password_prompt"
196-->[com.firebaseui:firebase-ui-auth:5.1.0] AndroidManifest.xml:66:13-75
197            android:windowSoftInputMode="adjustResize" />
197-->[com.firebaseui:firebase-ui-auth:5.1.0] AndroidManifest.xml:67:13-55
198        <activity
198-->[com.firebaseui:firebase-ui-auth:5.1.0] AndroidManifest.xml:68:9-73:58
199            android:name="com.firebase.ui.auth.ui.email.EmailLinkCatcherActivity"
199-->[com.firebaseui:firebase-ui-auth:5.1.0] AndroidManifest.xml:69:13-82
200            android:exported="false"
200-->[com.firebaseui:firebase-ui-auth:5.1.0] AndroidManifest.xml:70:13-37
201            android:label=""
201-->[com.firebaseui:firebase-ui-auth:5.1.0] AndroidManifest.xml:71:13-29
202            android:theme="@style/FirebaseUI.Transparent"
202-->[com.firebaseui:firebase-ui-auth:5.1.0] AndroidManifest.xml:72:13-58
203            android:windowSoftInputMode="adjustResize" />
203-->[com.firebaseui:firebase-ui-auth:5.1.0] AndroidManifest.xml:73:13-55
204        <activity
204-->[com.firebaseui:firebase-ui-auth:5.1.0] AndroidManifest.xml:74:9-78:58
205            android:name="com.firebase.ui.auth.ui.email.EmailLinkErrorRecoveryActivity"
205-->[com.firebaseui:firebase-ui-auth:5.1.0] AndroidManifest.xml:75:13-88
206            android:exported="false"
206-->[com.firebaseui:firebase-ui-auth:5.1.0] AndroidManifest.xml:76:13-37
207            android:label="@string/fui_sign_in_default"
207-->[com.firebaseui:firebase-ui-auth:5.1.0] AndroidManifest.xml:77:13-56
208            android:windowSoftInputMode="adjustResize" />
208-->[com.firebaseui:firebase-ui-auth:5.1.0] AndroidManifest.xml:78:13-55
209        <activity
209-->[com.firebaseui:firebase-ui-auth:5.1.0] AndroidManifest.xml:79:9-82:65
210            android:name="com.firebase.ui.auth.ui.idp.AuthMethodPickerActivity"
210-->[com.firebaseui:firebase-ui-auth:5.1.0] AndroidManifest.xml:80:13-80
211            android:exported="false"
211-->[com.firebaseui:firebase-ui-auth:5.1.0] AndroidManifest.xml:81:13-37
212            android:label="@string/fui_default_toolbar_title" />
212-->[com.firebaseui:firebase-ui-auth:5.1.0] AndroidManifest.xml:82:13-62
213        <activity
213-->[com.firebaseui:firebase-ui-auth:5.1.0] AndroidManifest.xml:83:9-87:48
214            android:name="com.facebook.FacebookActivity"
214-->[com.firebaseui:firebase-ui-auth:5.1.0] AndroidManifest.xml:84:13-57
215            android:configChanges="keyboard|keyboardHidden|screenLayout|screenSize|orientation"
215-->[com.firebaseui:firebase-ui-auth:5.1.0] AndroidManifest.xml:85:13-96
216            android:label="@string/app_name" />
216-->[com.firebaseui:firebase-ui-auth:5.1.0] AndroidManifest.xml:86:13-45
217        <activity
217-->[com.firebaseui:firebase-ui-auth:5.1.0] AndroidManifest.xml:88:9-100:20
218            android:name="com.facebook.CustomTabActivity"
218-->[com.firebaseui:firebase-ui-auth:5.1.0] AndroidManifest.xml:89:13-58
219            android:exported="true" >
219-->[com.firebaseui:firebase-ui-auth:5.1.0] AndroidManifest.xml:90:13-36
220            <intent-filter>
220-->[com.firebaseui:firebase-ui-auth:5.1.0] AndroidManifest.xml:92:13-99:29
221                <action android:name="android.intent.action.VIEW" />
221-->[com.firebaseui:firebase-ui-auth:5.1.0] AndroidManifest.xml:93:17-69
221-->[com.firebaseui:firebase-ui-auth:5.1.0] AndroidManifest.xml:93:25-66
222
223                <category android:name="android.intent.category.DEFAULT" />
223-->[com.firebaseui:firebase-ui-auth:5.1.0] AndroidManifest.xml:95:17-76
223-->[com.firebaseui:firebase-ui-auth:5.1.0] AndroidManifest.xml:95:27-73
224                <category android:name="android.intent.category.BROWSABLE" />
224-->[com.firebaseui:firebase-ui-auth:5.1.0] AndroidManifest.xml:96:17-78
224-->[com.firebaseui:firebase-ui-auth:5.1.0] AndroidManifest.xml:96:27-75
225
226                <data android:scheme="@string/facebook_login_protocol_scheme" />
226-->[com.firebaseui:firebase-ui-auth:5.1.0] AndroidManifest.xml:98:17-81
226-->[com.firebaseui:firebase-ui-auth:5.1.0] AndroidManifest.xml:98:23-78
227            </intent-filter>
228        </activity>
229
230        <provider
230-->[com.firebaseui:firebase-ui-auth:5.1.0] AndroidManifest.xml:102:9-106:38
231            android:name="com.firebase.ui.auth.data.client.AuthUiInitProvider"
231-->[com.firebaseui:firebase-ui-auth:5.1.0] AndroidManifest.xml:103:13-79
232            android:authorities="com.newlofi.lofi.authuiinitprovider"
232-->[com.firebaseui:firebase-ui-auth:5.1.0] AndroidManifest.xml:104:13-70
233            android:exported="false"
233-->[com.firebaseui:firebase-ui-auth:5.1.0] AndroidManifest.xml:105:13-37
234            android:initOrder="90" />
234-->[com.firebaseui:firebase-ui-auth:5.1.0] AndroidManifest.xml:106:13-35
235
236        <activity
236-->[gun0912.ted:tedpermission:2.2.3] AndroidManifest.xml:10:9-14:67
237            android:name="com.gun0912.tedpermission.TedPermissionActivity"
237-->[gun0912.ted:tedpermission:2.2.3] AndroidManifest.xml:11:13-75
238            android:configChanges="mcc|mnc|locale|keyboard|keyboardHidden|screenLayout|fontScale|uiMode|orientation|screenSize|layoutDirection"
238-->[gun0912.ted:tedpermission:2.2.3] AndroidManifest.xml:12:13-144
239            android:screenOrientation="unspecified"
239-->[gun0912.ted:tedpermission:2.2.3] AndroidManifest.xml:13:13-52
240            android:theme="@style/Theme.Transparent.Permission" />
240-->[gun0912.ted:tedpermission:2.2.3] AndroidManifest.xml:14:13-64
241
242        <provider
242-->[com.google.firebase:firebase-perf:19.0.10] AndroidManifest.xml:15:9-19:39
243            android:name="com.google.firebase.perf.provider.FirebasePerfProvider"
243-->[com.google.firebase:firebase-perf:19.0.10] AndroidManifest.xml:16:13-82
244            android:authorities="com.newlofi.lofi.firebaseperfprovider"
244-->[com.google.firebase:firebase-perf:19.0.10] AndroidManifest.xml:17:13-72
245            android:exported="false"
245-->[com.google.firebase:firebase-perf:19.0.10] AndroidManifest.xml:18:13-37
246            android:initOrder="101" />
246-->[com.google.firebase:firebase-perf:19.0.10] AndroidManifest.xml:19:13-36
247
248        <service
248-->[com.google.firebase:firebase-perf:19.0.10] AndroidManifest.xml:21:9-27:19
249            android:name="com.google.firebase.components.ComponentDiscoveryService"
249-->[com.google.firebase:firebase-perf:19.0.10] AndroidManifest.xml:22:13-84
250            android:directBootAware="true"
250-->[com.google.firebase:firebase-common:19.4.0] AndroidManifest.xml:35:13-43
251            android:exported="false" >
251-->[com.google.firebase:firebase-perf:19.0.10] AndroidManifest.xml:23:13-37
252            <meta-data
252-->[com.google.firebase:firebase-perf:19.0.10] AndroidManifest.xml:24:13-26:85
253                android:name="com.google.firebase.components:com.google.firebase.perf.FirebasePerfRegistrar"
253-->[com.google.firebase:firebase-perf:19.0.10] AndroidManifest.xml:25:17-109
254                android:value="com.google.firebase.components.ComponentRegistrar" />
254-->[com.google.firebase:firebase-perf:19.0.10] AndroidManifest.xml:26:17-82
255            <meta-data
255-->[com.google.firebase:firebase-messaging:21.0.0] AndroidManifest.xml:39:13-41:85
256                android:name="com.google.firebase.components:com.google.firebase.messaging.FirebaseMessagingRegistrar"
256-->[com.google.firebase:firebase-messaging:21.0.0] AndroidManifest.xml:40:17-119
257                android:value="com.google.firebase.components.ComponentRegistrar" />
257-->[com.google.firebase:firebase-messaging:21.0.0] AndroidManifest.xml:41:17-82
258            <meta-data
258-->[com.google.firebase:firebase-firestore:22.0.0] AndroidManifest.xml:20:13-22:85
259                android:name="com.google.firebase.components:com.google.firebase.firestore.FirestoreRegistrar"
259-->[com.google.firebase:firebase-firestore:22.0.0] AndroidManifest.xml:21:17-111
260                android:value="com.google.firebase.components.ComponentRegistrar" />
260-->[com.google.firebase:firebase-firestore:22.0.0] AndroidManifest.xml:22:17-82
261            <meta-data
261-->[com.google.firebase:firebase-crashlytics:17.3.0] AndroidManifest.xml:18:13-20:85
262                android:name="com.google.firebase.components:com.google.firebase.crashlytics.CrashlyticsRegistrar"
262-->[com.google.firebase:firebase-crashlytics:17.3.0] AndroidManifest.xml:19:17-115
263                android:value="com.google.firebase.components.ComponentRegistrar" />
263-->[com.google.firebase:firebase-crashlytics:17.3.0] AndroidManifest.xml:20:17-82
264            <meta-data
264-->[com.google.firebase:firebase-database:19.5.1] AndroidManifest.xml:32:13-34:85
265                android:name="com.google.firebase.components:com.google.firebase.database.DatabaseRegistrar"
265-->[com.google.firebase:firebase-database:19.5.1] AndroidManifest.xml:33:17-109
266                android:value="com.google.firebase.components.ComponentRegistrar" />
266-->[com.google.firebase:firebase-database:19.5.1] AndroidManifest.xml:34:17-82
267            <meta-data
267-->[com.google.firebase:firebase-storage:19.2.0] AndroidManifest.xml:33:13-35:85
268                android:name="com.google.firebase.components:com.google.firebase.storage.StorageRegistrar"
268-->[com.google.firebase:firebase-storage:19.2.0] AndroidManifest.xml:34:17-107
269                android:value="com.google.firebase.components.ComponentRegistrar" />
269-->[com.google.firebase:firebase-storage:19.2.0] AndroidManifest.xml:35:17-82
270            <meta-data
270-->[com.google.firebase:firebase-auth:20.0.1] AndroidManifest.xml:77:13-79:85
271                android:name="com.google.firebase.components:com.google.firebase.auth.FirebaseAuthRegistrar"
271-->[com.google.firebase:firebase-auth:20.0.1] AndroidManifest.xml:78:17-109
272                android:value="com.google.firebase.components.ComponentRegistrar" />
272-->[com.google.firebase:firebase-auth:20.0.1] AndroidManifest.xml:79:17-82
273            <meta-data
273-->[com.google.firebase:firebase-iid:21.0.0] AndroidManifest.xml:32:13-34:85
274                android:name="com.google.firebase.components:com.google.firebase.iid.Registrar"
274-->[com.google.firebase:firebase-iid:21.0.0] AndroidManifest.xml:33:17-96
275                android:value="com.google.firebase.components.ComponentRegistrar" />
275-->[com.google.firebase:firebase-iid:21.0.0] AndroidManifest.xml:34:17-82
276            <meta-data
276-->[com.google.firebase:firebase-config:20.0.2] AndroidManifest.xml:32:13-34:85
277                android:name="com.google.firebase.components:com.google.firebase.remoteconfig.RemoteConfigRegistrar"